2025-08-31 11:47:47,489 [INFO] Starting notifier...
2025-08-31 11:47:47,489 [INFO] Initializing database...
2025-08-31 11:47:47,995 [INFO] Database ready.
2025-08-31 11:47:47,995 [INFO] Authenticating with Google...
2025-08-31 11:47:47,996 [ERROR] Connection problems. Trying again...
2025-08-31 11:47:47,996 [INFO] Polling Google Calendar...
2025-08-31 11:47:47,997 [INFO] Fetching calendar events...
2025-08-31 11:47:47,997 [ERROR] Fetching Error: 'NoneType' object has no attribute 'events'
2025-08-31 11:47:47,997 [INFO] Saving 0 items to database...
2025-08-31 11:47:48,002 [INFO] Items saved.
2025-08-31 11:47:48,004 [INFO] Cleaned up 0 old tasks.
2025-08-31 11:47:48,004 [INFO] Checking tasks for notifications...
2025-08-31 11:47:48,008 [INFO] Retrieved 0 tasks from database.
2025-08-31 11:47:48,008 [INFO] Sleeping for 60 seconds...


2025-08-31 11:48:48,017 [INFO] Polling Google Calendar...
2025-08-31 11:48:48,017 [INFO] Fetching calendar events...
2025-08-31 11:48:48,018 [ERROR] Fetching Error: 'NoneType' object has no attribute 'events'
2025-08-31 11:48:48,018 [INFO] Saving 0 items to database...
2025-08-31 11:48:48,019 [INFO] Items saved.
2025-08-31 11:48:48,021 [INFO] Cleaned up 0 old tasks.
2025-08-31 11:48:48,021 [INFO] Checking tasks for notifications...
2025-08-31 11:48:48,023 [INFO] Retrieved 0 tasks from database.
2025-08-31 11:48:48,023 [INFO] Sleeping for 60 seconds...


2025-08-31 11:49:48,035 [INFO] Polling Google Calendar...
2025-08-31 11:49:48,036 [INFO] Fetching calendar events...
2025-08-31 11:49:48,036 [ERROR] Fetching Error: 'NoneType' object has no attribute 'events'
2025-08-31 11:49:48,037 [INFO] Saving 0 items to database...
2025-08-31 11:49:48,039 [INFO] Items saved.
2025-08-31 11:49:48,041 [INFO] Cleaned up 0 old tasks.
2025-08-31 11:49:48,042 [INFO] Checking tasks for notifications...
2025-08-31 11:49:48,044 [INFO] Retrieved 0 tasks from database.
2025-08-31 11:49:48,044 [INFO] Sleeping for 60 seconds...


2025-08-31 11:50:48,055 [INFO] Polling Google Calendar...
2025-08-31 11:50:48,055 [INFO] Fetching calendar events...
2025-08-31 11:50:48,055 [ERROR] Fetching Error: 'NoneType' object has no attribute 'events'
2025-08-31 11:50:48,056 [INFO] Saving 0 items to database...
2025-08-31 11:50:48,057 [INFO] Items saved.
2025-08-31 11:50:48,059 [INFO] Cleaned up 0 old tasks.
2025-08-31 11:50:48,059 [INFO] Checking tasks for notifications...
2025-08-31 11:50:48,061 [INFO] Retrieved 0 tasks from database.
2025-08-31 11:50:48,061 [INFO] Sleeping for 60 seconds...


2025-08-31 11:51:10,988 [INFO] Starting notifier...
2025-08-31 11:51:10,988 [INFO] Initializing database...
2025-08-31 11:51:10,989 [INFO] Database ready.
2025-08-31 11:51:10,989 [INFO] Authenticating with Google...
2025-08-31 11:51:10,989 [ERROR] Connection problems. Trying again...
2025-08-31 11:51:10,990 [INFO] Polling Google Calendar...
2025-08-31 11:51:10,990 [INFO] Fetching calendar events...
2025-08-31 11:51:10,990 [ERROR] Fetching Error: 'NoneType' object has no attribute 'events'
2025-08-31 11:51:10,990 [INFO] Saving 0 items to database...
2025-08-31 11:51:10,990 [INFO] Items saved.
2025-08-31 11:51:10,990 [INFO] Cleaned up 0 old tasks.
2025-08-31 11:51:10,990 [INFO] Checking tasks for notifications...
2025-08-31 11:51:10,991 [INFO] Retrieved 0 tasks from database.
2025-08-31 11:51:10,991 [INFO] Sleeping for 60 seconds...


